2024-01-31 10:35:46.325  INFO 10200 --- [main] .e.t.TransferringServiceApplicationTests : Starting TransferringServiceApplicationTests using Java 16.0.2 on HOME-PC with PID 10200 (started by SashaCom in C:\Users\SashaCom\Desktop\Новая папка\TransferringService)
2024-01-31 10:35:46.327  INFO 10200 --- [main] .e.t.TransferringServiceApplicationTests : No active profile set, falling back to 1 default profile: "default"
2024-01-31 10:35:47.699  INFO 10200 --- [main] o.s.b.a.e.web.EndpointLinksResolver      : Exposing 1 endpoint(s) beneath base path '/actuator'
2024-01-31 10:35:47.728  INFO 10200 --- [main] .e.t.TransferringServiceApplicationTests : Started TransferringServiceApplicationTests in 1.629 seconds (JVM running for 2.594)
2024-01-31 11:21:18.220  INFO 12952 --- [main] .e.t.TransferringServiceApplicationTests : Starting TransferringServiceApplicationTests using Java 16.0.2 on HOME-PC with PID 12952 (started by SashaCom in C:\Users\SashaCom\Desktop\Новая папка\TransferringService)
2024-01-31 11:21:18.222  INFO 12952 --- [main] .e.t.TransferringServiceApplicationTests : No active profile set, falling back to 1 default profile: "default"
2024-01-31 11:21:19.621  INFO 12952 --- [main] o.s.b.a.e.web.EndpointLinksResolver      : Exposing 1 endpoint(s) beneath base path '/actuator'
2024-01-31 11:21:19.653  INFO 12952 --- [main] .e.t.TransferringServiceApplicationTests : Started TransferringServiceApplicationTests in 1.631 seconds (JVM running for 2.588)
2024-01-31 11:35:47.473  INFO 6572 --- [main] .e.t.TransferringServiceApplicationTests : Starting TransferringServiceApplicationTests using Java 17.0.10 on HOME-PC with PID 6572 (started by SashaCom in C:\Users\SashaCom\Desktop\kurs\TransferringService)
2024-01-31 11:35:47.474  INFO 6572 --- [main] .e.t.TransferringServiceApplicationTests : No active profile set, falling back to 1 default profile: "default"
2024-01-31 11:35:48.921  INFO 6572 --- [main] o.s.b.a.e.web.EndpointLinksResolver      : Exposing 1 endpoint(s) beneath base path '/actuator'
2024-01-31 11:35:48.959  INFO 6572 --- [main] .e.t.TransferringServiceApplicationTests : Started TransferringServiceApplicationTests in 1.681 seconds (JVM running for 2.625)
2024-01-31 12:32:29.969  INFO 2056 --- [main] .e.t.TransferringServiceApplicationTests : Starting TransferringServiceApplicationTests using Java 17.0.10 on HOME-PC with PID 2056 (started by SashaCom in C:\Users\SashaCom\Desktop\kurs\TransferringService)
2024-01-31 12:32:29.970  INFO 2056 --- [main] .e.t.TransferringServiceApplicationTests : No active profile set, falling back to 1 default profile: "default"
2024-01-31 12:32:31.323  INFO 2056 --- [main] o.s.b.a.e.web.EndpointLinksResolver      : Exposing 1 endpoint(s) beneath base path '/actuator'
2024-01-31 12:32:31.362  INFO 2056 --- [main] .e.t.TransferringServiceApplicationTests : Started TransferringServiceApplicationTests in 1.583 seconds (JVM running for 2.455)
2024-01-31 22:09:18.730  INFO 9072 --- [main] .e.t.TransferringServiceApplicationTests : Starting TransferringServiceApplicationTests using Java 11.0.21 on HOME-PC with PID 9072 (started by oops in C:\Users\oops\IdeaProjects\TransferringService)
2024-01-31 22:09:18.733  INFO 9072 --- [main] .e.t.TransferringServiceApplicationTests : No active profile set, falling back to 1 default profile: "default"
2024-01-31 22:09:20.910  INFO 9072 --- [main] o.s.b.w.embedded.tomcat.TomcatWebServer  : Tomcat initialized with port(s): 0 (http)
2024-01-31 22:09:20.929  INFO 9072 --- [main] o.apache.catalina.core.StandardService   : Starting service [Tomcat]
2024-01-31 22:09:20.930  INFO 9072 --- [main] org.apache.catalina.core.StandardEngine  : Starting Servlet engine: [Apache Tomcat/9.0.63]
2024-01-31 22:09:21.094  INFO 9072 --- [main] o.a.c.c.C.[Tomcat].[localhost].[/]       : Initializing Spring embedded WebApplicationContext
2024-01-31 22:09:21.094  INFO 9072 --- [main] w.s.c.ServletWebServerApplicationContext : Root WebApplicationContext: initialization completed in 2306 ms
2024-01-31 22:09:22.679  INFO 9072 --- [main] o.s.b.a.e.web.EndpointLinksResolver      : Exposing 1 endpoint(s) beneath base path '/actuator'
2024-01-31 22:09:22.860  INFO 9072 --- [main] o.s.b.w.embedded.tomcat.TomcatWebServer  : Tomcat started on port(s): 49444 (http) with context path ''
2024-01-31 22:09:22.896  INFO 9072 --- [main] .e.t.TransferringServiceApplicationTests : Started TransferringServiceApplicationTests in 4.805 seconds (JVM running for 16.582)
2024-01-31 22:10:05.018  INFO 17376 --- [main] .e.t.TransferringServiceApplicationTests : Starting TransferringServiceApplicationTests using Java 11.0.21 on HOME-PC with PID 17376 (started by oops in C:\Users\oops\IdeaProjects\TransferringService)
2024-01-31 22:10:05.021  INFO 17376 --- [main] .e.t.TransferringServiceApplicationTests : No active profile set, falling back to 1 default profile: "default"
2024-01-31 22:10:07.119  INFO 17376 --- [main] o.s.b.w.embedded.tomcat.TomcatWebServer  : Tomcat initialized with port(s): 0 (http)
2024-01-31 22:10:07.138  INFO 17376 --- [main] o.apache.catalina.core.StandardService   : Starting service [Tomcat]
2024-01-31 22:10:07.139  INFO 17376 --- [main] org.apache.catalina.core.StandardEngine  : Starting Servlet engine: [Apache Tomcat/9.0.63]
2024-01-31 22:10:07.293  INFO 17376 --- [main] o.a.c.c.C.[Tomcat].[localhost].[/]       : Initializing Spring embedded WebApplicationContext
2024-01-31 22:10:07.294  INFO 17376 --- [main] w.s.c.ServletWebServerApplicationContext : Root WebApplicationContext: initialization completed in 2221 ms
2024-01-31 22:10:08.898  INFO 17376 --- [main] o.s.b.a.e.web.EndpointLinksResolver      : Exposing 1 endpoint(s) beneath base path '/actuator'
2024-01-31 22:10:09.073  INFO 17376 --- [main] o.s.b.w.embedded.tomcat.TomcatWebServer  : Tomcat started on port(s): 49457 (http) with context path ''
2024-01-31 22:10:09.113  INFO 17376 --- [main] .e.t.TransferringServiceApplicationTests : Started TransferringServiceApplicationTests in 4.744 seconds (JVM running for 16.456)
2024-01-31 22:13:00.365  INFO 10772 --- [main] .e.t.TransferringServiceApplicationTests : Starting TransferringServiceApplicationTests using Java 11.0.21 on HOME-PC with PID 10772 (started by oops in C:\Users\oops\IdeaProjects\TransferringService)
2024-01-31 22:13:00.368  INFO 10772 --- [main] .e.t.TransferringServiceApplicationTests : No active profile set, falling back to 1 default profile: "default"
2024-01-31 22:13:02.535  INFO 10772 --- [main] o.s.b.w.embedded.tomcat.TomcatWebServer  : Tomcat initialized with port(s): 0 (http)
2024-01-31 22:13:02.554  INFO 10772 --- [main] o.apache.catalina.core.StandardService   : Starting service [Tomcat]
2024-01-31 22:13:02.555  INFO 10772 --- [main] org.apache.catalina.core.StandardEngine  : Starting Servlet engine: [Apache Tomcat/9.0.63]
2024-01-31 22:13:02.716  INFO 10772 --- [main] o.a.c.c.C.[Tomcat].[localhost].[/]       : Initializing Spring embedded WebApplicationContext
2024-01-31 22:13:02.717  INFO 10772 --- [main] w.s.c.ServletWebServerApplicationContext : Root WebApplicationContext: initialization completed in 2302 ms
2024-01-31 22:13:04.262  INFO 10772 --- [main] o.s.b.a.e.web.EndpointLinksResolver      : Exposing 1 endpoint(s) beneath base path '/actuator'
2024-01-31 22:13:04.413  INFO 10772 --- [main] o.s.b.w.embedded.tomcat.TomcatWebServer  : Tomcat started on port(s): 49608 (http) with context path ''
2024-01-31 22:13:04.441  INFO 10772 --- [main] .e.t.TransferringServiceApplicationTests : Started TransferringServiceApplicationTests in 4.707 seconds (JVM running for 16.472)
2024-01-31 22:14:46.626  INFO 6384 --- [main] .e.t.TransferringServiceApplicationTests : Starting TransferringServiceApplicationTests using Java 11.0.21 on HOME-PC with PID 6384 (started by oops in C:\Users\oops\IdeaProjects\TransferringService)
2024-01-31 22:14:46.629  INFO 6384 --- [main] .e.t.TransferringServiceApplicationTests : No active profile set, falling back to 1 default profile: "default"
2024-01-31 22:14:48.784  INFO 6384 --- [main] o.s.b.w.embedded.tomcat.TomcatWebServer  : Tomcat initialized with port(s): 0 (http)
2024-01-31 22:14:48.804  INFO 6384 --- [main] o.apache.catalina.core.StandardService   : Starting service [Tomcat]
2024-01-31 22:14:48.805  INFO 6384 --- [main] org.apache.catalina.core.StandardEngine  : Starting Servlet engine: [Apache Tomcat/9.0.63]
2024-01-31 22:14:48.961  INFO 6384 --- [main] o.a.c.c.C.[Tomcat].[localhost].[/]       : Initializing Spring embedded WebApplicationContext
2024-01-31 22:14:48.961  INFO 6384 --- [main] w.s.c.ServletWebServerApplicationContext : Root WebApplicationContext: initialization completed in 2289 ms
2024-01-31 22:14:50.536  INFO 6384 --- [main] o.s.b.a.e.web.EndpointLinksResolver      : Exposing 1 endpoint(s) beneath base path '/actuator'
2024-01-31 22:14:50.708  INFO 6384 --- [main] o.s.b.w.embedded.tomcat.TomcatWebServer  : Tomcat started on port(s): 49676 (http) with context path ''
2024-01-31 22:14:50.744  INFO 6384 --- [main] .e.t.TransferringServiceApplicationTests : Started TransferringServiceApplicationTests in 4.764 seconds (JVM running for 16.53)
2024-01-31 22:20:33.976  INFO 6012 --- [main] .e.t.TransferringServiceApplicationTests : Starting TransferringServiceApplicationTests using Java 11.0.21 on HOME-PC with PID 6012 (started by oops in C:\Users\oops\IdeaProjects\TransferringService)
2024-01-31 22:20:33.979  INFO 6012 --- [main] .e.t.TransferringServiceApplicationTests : No active profile set, falling back to 1 default profile: "default"
2024-01-31 22:20:36.149  INFO 6012 --- [main] o.s.b.w.embedded.tomcat.TomcatWebServer  : Tomcat initialized with port(s): 0 (http)
2024-01-31 22:20:36.170  INFO 6012 --- [main] o.apache.catalina.core.StandardService   : Starting service [Tomcat]
2024-01-31 22:20:36.171  INFO 6012 --- [main] org.apache.catalina.core.StandardEngine  : Starting Servlet engine: [Apache Tomcat/9.0.63]
2024-01-31 22:20:36.346  INFO 6012 --- [main] o.a.c.c.C.[Tomcat].[localhost].[/]       : Initializing Spring embedded WebApplicationContext
2024-01-31 22:20:36.347  INFO 6012 --- [main] w.s.c.ServletWebServerApplicationContext : Root WebApplicationContext: initialization completed in 2325 ms
2024-01-31 22:20:37.848  INFO 6012 --- [main] o.s.b.a.e.web.EndpointLinksResolver      : Exposing 1 endpoint(s) beneath base path '/actuator'
2024-01-31 22:20:37.994  INFO 6012 --- [main] o.s.b.w.embedded.tomcat.TomcatWebServer  : Tomcat started on port(s): 49812 (http) with context path ''
2024-01-31 22:20:38.019  INFO 6012 --- [main] .e.t.TransferringServiceApplicationTests : Started TransferringServiceApplicationTests in 4.683 seconds (JVM running for 16.331)
2024-01-31 22:50:12.770  INFO 9688 --- [main] .e.t.TransferringServiceApplicationTests : Starting TransferringServiceApplicationTests using Java 11.0.21 on HOME-PC with PID 9688 (started by oops in C:\Users\oops\IdeaProjects\TransferringService)
2024-01-31 22:50:12.773  INFO 9688 --- [main] .e.t.TransferringServiceApplicationTests : No active profile set, falling back to 1 default profile: "default"
2024-01-31 22:50:14.908  INFO 9688 --- [main] o.s.b.w.embedded.tomcat.TomcatWebServer  : Tomcat initialized with port(s): 0 (http)
2024-01-31 22:50:14.928  INFO 9688 --- [main] o.apache.catalina.core.StandardService   : Starting service [Tomcat]
2024-01-31 22:50:14.929  INFO 9688 --- [main] org.apache.catalina.core.StandardEngine  : Starting Servlet engine: [Apache Tomcat/9.0.63]
2024-01-31 22:50:15.094  INFO 9688 --- [main] o.a.c.c.C.[Tomcat].[localhost].[/]       : Initializing Spring embedded WebApplicationContext
2024-01-31 22:50:15.095  INFO 9688 --- [main] w.s.c.ServletWebServerApplicationContext : Root WebApplicationContext: initialization completed in 2286 ms
2024-01-31 22:50:16.633  INFO 9688 --- [main] o.s.b.a.e.web.EndpointLinksResolver      : Exposing 1 endpoint(s) beneath base path '/actuator'
2024-01-31 22:50:16.786  INFO 9688 --- [main] o.s.b.w.embedded.tomcat.TomcatWebServer  : Tomcat started on port(s): 56073 (http) with context path ''
2024-01-31 22:50:16.811  INFO 9688 --- [main] .e.t.TransferringServiceApplicationTests : Started TransferringServiceApplicationTests in 4.677 seconds (JVM running for 16.314)
2024-01-31 22:50:52.012  INFO 10880 --- [main] .e.t.TransferringServiceApplicationTests : Starting TransferringServiceApplicationTests using Java 11.0.21 on HOME-PC with PID 10880 (started by oops in C:\Users\oops\IdeaProjects\TransferringService)
2024-01-31 22:50:52.014  INFO 10880 --- [main] .e.t.TransferringServiceApplicationTests : No active profile set, falling back to 1 default profile: "default"
2024-01-31 22:50:54.106  INFO 10880 --- [main] o.s.b.w.embedded.tomcat.TomcatWebServer  : Tomcat initialized with port(s): 0 (http)
2024-01-31 22:50:54.126  INFO 10880 --- [main] o.apache.catalina.core.StandardService   : Starting service [Tomcat]
2024-01-31 22:50:54.127  INFO 10880 --- [main] org.apache.catalina.core.StandardEngine  : Starting Servlet engine: [Apache Tomcat/9.0.63]
2024-01-31 22:50:54.294  INFO 10880 --- [main] o.a.c.c.C.[Tomcat].[localhost].[/]       : Initializing Spring embedded WebApplicationContext
2024-01-31 22:50:54.295  INFO 10880 --- [main] w.s.c.ServletWebServerApplicationContext : Root WebApplicationContext: initialization completed in 2241 ms
2024-01-31 22:50:55.894  INFO 10880 --- [main] o.s.b.a.e.web.EndpointLinksResolver      : Exposing 1 endpoint(s) beneath base path '/actuator'
2024-01-31 22:50:56.058  INFO 10880 --- [main] o.s.b.w.embedded.tomcat.TomcatWebServer  : Tomcat started on port(s): 56146 (http) with context path ''
2024-01-31 22:50:56.086  INFO 10880 --- [main] .e.t.TransferringServiceApplicationTests : Started TransferringServiceApplicationTests in 4.665 seconds (JVM running for 16.216)
2024-01-31 22:55:40.112  INFO 6944 --- [main] .e.t.TransferringServiceApplicationTests : Starting TransferringServiceApplicationTests using Java 11.0.21 on HOME-PC with PID 6944 (started by oops in C:\Users\oops\IdeaProjects\TransferringService)
2024-01-31 22:55:40.114  INFO 6944 --- [main] .e.t.TransferringServiceApplicationTests : No active profile set, falling back to 1 default profile: "default"
2024-01-31 22:55:42.222  INFO 6944 --- [main] o.s.b.w.embedded.tomcat.TomcatWebServer  : Tomcat initialized with port(s): 0 (http)
2024-01-31 22:55:42.242  INFO 6944 --- [main] o.apache.catalina.core.StandardService   : Starting service [Tomcat]
2024-01-31 22:55:42.243  INFO 6944 --- [main] org.apache.catalina.core.StandardEngine  : Starting Servlet engine: [Apache Tomcat/9.0.63]
2024-01-31 22:55:42.406  INFO 6944 --- [main] o.a.c.c.C.[Tomcat].[localhost].[/]       : Initializing Spring embedded WebApplicationContext
2024-01-31 22:55:42.406  INFO 6944 --- [main] w.s.c.ServletWebServerApplicationContext : Root WebApplicationContext: initialization completed in 2256 ms
2024-01-31 22:55:44.043  INFO 6944 --- [main] o.s.b.a.e.web.EndpointLinksResolver      : Exposing 1 endpoint(s) beneath base path '/actuator'
2024-01-31 22:55:44.204  INFO 6944 --- [main] o.s.b.w.embedded.tomcat.TomcatWebServer  : Tomcat started on port(s): 56524 (http) with context path ''
2024-01-31 22:55:44.231  INFO 6944 --- [main] .e.t.TransferringServiceApplicationTests : Started TransferringServiceApplicationTests in 4.657 seconds (JVM running for 17.049)
